  Compiling CUDA source file kernel.cu...
  
  E:\Projects\PPD\PPD\CUDA-Lab5\CUDA\CUDA>"C:\Program Files\NVIDIA GPU Computing Toolkit\CUDA\v9.1\bin\nvcc.exe" -gencode=arch=compute_35,code=\"sm_35,compute_35\" --use-local-env --cl-version 2017 -ccbin "E:\Utils\Visual Studio 2017\VC\Tools\MSVC\14.11.25503\bin\HostX86\x64" -x cu -rdc=true -I"C:\Program Files\NVIDIA GPU Computing Toolkit\CUDA\v9.1\include" -I"C:\Program Files\NVIDIA GPU Computing Toolkit\CUDA\v9.1\include"  -G   --keep-dir x64\Debug -maxrregcount=0  --machine 64 --compile -cudart static  -g   -DWIN32 -DWIN64 -D_DEBUG -D_CONSOLE -D_MBCS -Xcompiler "/EHsc /W3 /nologo /Od /FS /Zi /RTC1 /MDd " -o x64\Debug\kernel.cu.obj "E:\Projects\PPD\PPD\CUDA-Lab5\CUDA\CUDA\kernel.cu" 
  kernel.cu
  
  E:\Projects\PPD\PPD\CUDA-Lab5\CUDA\CUDA>"C:\Program Files\NVIDIA GPU Computing Toolkit\CUDA\v9.1\bin\nvcc.exe" -dlink -o x64\Debug\CUDA.device-link.obj -Xcompiler "/EHsc /W3 /nologo /Od /Zi /RTC1 /MDd " -L"C:\Program Files\NVIDIA GPU Computing Toolkit\CUDA\v9.1\lib\x64" cudadevrt.lib cudart.lib kernel32.lib user32.lib gdi32.lib winspool.lib comdlg32.lib advapi32.lib shell32.lib ole32.lib oleaut32.lib uuid.lib odbc32.lib odbccp32.lib  -gencode=arch=compute_35,code=sm_35 -G --machine 64 x64\Debug\kernel.cu.obj 
CUDALINK : nvlink warning : Stack size for entry function '_Z9KaratsubaxxPx' cannot be statically determined
  cudadevrt.lib
  cudart.lib
  kernel32.lib
  user32.lib
  gdi32.lib
  winspool.lib
  comdlg32.lib
  advapi32.lib
  shell32.lib
  ole32.lib
  oleaut32.lib
  uuid.lib
  odbc32.lib
  odbccp32.lib
  kernel.cu.obj
  CUDA.vcxproj -> E:\Projects\PPD\PPD\CUDA-Lab5\CUDA\x64\Debug\CUDA.exe
  CUDA.vcxproj -> E:\Projects\PPD\PPD\CUDA-Lab5\CUDA\x64\Debug\CUDA.pdb (Partial PDB)
  copy "C:\Program Files\NVIDIA GPU Computing Toolkit\CUDA\v9.1\bin\cudart*.dll" "E:\Projects\PPD\PPD\CUDA-Lab5\CUDA\x64\Debug\"
  C:\Program Files\NVIDIA GPU Computing Toolkit\CUDA\v9.1\bin\cudart32_91.dll
  C:\Program Files\NVIDIA GPU Computing Toolkit\CUDA\v9.1\bin\cudart64_91.dll
          2 file(s) copied.
